<?xml version="1.0" encoding="UTF-8"?>
<!-- Generated by org.testng.reporters.JUnitXMLReporter -->
<testsuite hostname="xu-cz" name="Default test(failed)" tests="1" failures="1" timestamp="22 May 2017 08:15:22 GMT" time="0.04" errors="0">
  <testcase name="actest" time="0.023" classname="com.test.test.AndroidTest">
    <failure type="java.lang.NullPointerException">
      <![CDATA[java.lang.NullPointerException
	at com.test.test.AndroidTest.startActivity(AndroidTest.java:89)
	at com.test.test.AndroidTest.actest(AndroidTest.java:93)
... Removed 24 stack frames]]>
    </failure>
  </testcase> <!-- actest -->
</testsuite> <!-- Default test(failed) -->
